This file contains any messages produced by compilers while
running configure, to aid debugging if configure makes a mistake.

It was created by littler configure 0.1.3, which was
generated by GNU Autoconf 2.61.  Invocation command line was

  $ ./configure 

## --------- ##
## Platform. ##
## --------- ##

hostname = fjzamorano.local
uname -m = i386
uname -r = 10.8.0
uname -s = Darwin
uname -v = Darwin Kernel Version 10.8.0: Tue Jun  7 16:33:36 PDT 2011; root:xnu-1504.15.3~1/RELEASE_I386

/usr/bin/uname -p = i386
/bin/uname -X     = unknown

/bin/arch              = unknown
/usr/bin/arch -k       = unknown
/usr/convex/getsysinfo = unknown
/usr/bin/hostinfo      = Mach kernel version:
	 Darwin Kernel Version 10.8.0: Tue Jun  7 16:33:36 PDT 2011; root:xnu-1504.15.3~1/RELEASE_I386
Kernel configured for up to 4 processors.
2 processors are physically available.
4 processors are logically available.
Processor type: i486 (Intel 80486)
Processors active: 0 1 2 3
Primary memory available: 4.00 gigabytes
Default processor set: 69 tasks, 351 threads, 4 processors
Load average: 1.08, Mach factor: 3.08
/bin/machine           = unknown
/usr/bin/oslevel       = unknown
/bin/universe          = unknown

PATH: /opt/local/bin
PATH: /opt/local/sbin
PATH: /usr/bin
PATH: /bin
PATH: /usr/sbin
PATH: /sbin
PATH: /usr/local/bin
PATH: /opt/X11/bin
PATH: /usr/texbin
PATH: /usr/X11/bin


## ----------- ##
## Core tests. ##
## ----------- ##

configure:1802: checking for a BSD-compatible install
configure:1858: result: /usr/bin/install -c
configure:1869: checking whether build environment is sane
configure:1912: result: yes
configure:1940: checking for a thread-safe mkdir -p
configure:1979: result: tools/install-sh -c -d
configure:1992: checking for gawk
configure:2008: found /opt/local/bin/gawk
configure:2019: result: gawk
configure:2030: checking whether make sets $(MAKE)
configure:2051: result: yes
configure:2252: checking build system type
configure:2270: result: i386-apple-darwin10.8.0
configure:2292: checking host system type
configure:2307: result: i386-apple-darwin10.8.0
configure:2344: checking for a BSD-compatible install
configure:2400: result: /usr/bin/install -c
configure:2459: checking for gcc
configure:2475: found /usr/bin/gcc
configure:2486: result: gcc
configure:2724: checking for C compiler version
configure:2731: gcc --version >&5
i686-apple-darwin10-gcc-4.2.1 (GCC) 4.2.1 (Apple Inc. build 5666) (dot 3)
Copyright (C) 2007 Free Software Foundation, Inc.
This is free software; see the source for copying conditions.  There is NO
warranty; not even for MERCHANTABILITY or FITNESS FOR A PARTICULAR PURPOSE.

configure:2734: $? = 0
configure:2741: gcc -v >&5
Using built-in specs.
Target: i686-apple-darwin10
Configured with: /var/tmp/gcc/gcc-5666.3~6/src/configure --disable-checking --enable-werror --prefix=/usr --mandir=/share/man --enable-languages=c,objc,c++,obj-c++ --program-transform-name=/^[cg][^.-]*$/s/$/-4.2/ --with-slibdir=/usr/lib --build=i686-apple-darwin10 --program-prefix=i686-apple-darwin10- --host=x86_64-apple-darwin10 --target=i686-apple-darwin10 --with-gxx-include-dir=/include/c++/4.2.1
Thread model: posix
gcc version 4.2.1 (Apple Inc. build 5666) (dot 3)
configure:2744: $? = 0
configure:2751: gcc -V >&5
gcc-4.2: argument to `-V' is missing
configure:2754: $? = 1
configure:2777: checking for C compiler default output file name
configure:2804: gcc    conftest.c  >&5
configure:2807: $? = 0
configure:2845: result: a.out
configure:2862: checking whether the C compiler works
configure:2872: ./a.out
configure:2875: $? = 0
configure:2892: result: yes
configure:2899: checking whether we are cross compiling
configure:2901: result: no
configure:2904: checking for suffix of executables
configure:2911: gcc -o conftest    conftest.c  >&5
configure:2914: $? = 0
configure:2938: result: 
configure:2944: checking for suffix of object files
configure:2970: gcc -c   conftest.c >&5
configure:2973: $? = 0
configure:2996: result: o
configure:3000: checking whether we are using the GNU C compiler
configure:3029: gcc -c   conftest.c >&5
configure:3035: $? = 0
configure:3052: result: yes
configure:3057: checking whether gcc accepts -g
configure:3087: gcc -c -g  conftest.c >&5
configure:3093: $? = 0
configure:3192: result: yes
configure:3209: checking for gcc option to accept ISO C89
configure:3283: gcc  -c -g -O2  conftest.c >&5
configure:3289: $? = 0
configure:3312: result: none needed
configure:3341: checking for style of include used by make
configure:3369: result: GNU
configure:3394: checking dependency style of gcc
configure:3485: result: gcc3
configure:3510: checking how to run the C preprocessor
configure:3550: gcc -E  conftest.c
configure:3556: $? = 0
configure:3587: gcc -E  conftest.c
conftest.c:10:28: error: ac_nonexistent.h: No such file or directory
configure:3593: $? = 1
configure: failed program was:
| /* confdefs.h.  */
| #define PACKAGE_NAME "littler"
| #define PACKAGE_TARNAME "littler"
| #define PACKAGE_VERSION "0.1.3"
| #define PACKAGE_STRING "littler 0.1.3"
| #define PACKAGE_BUGREPORT ""
| #define PACKAGE "littler"
| #define VERSION "0.1.3"
| /* end confdefs.h.  */
| #include <ac_nonexistent.h>
configure:3626: result: gcc -E
configure:3655: gcc -E  conftest.c
configure:3661: $? = 0
configure:3692: gcc -E  conftest.c
conftest.c:10:28: error: ac_nonexistent.h: No such file or directory
configure:3698: $? = 1
configure: failed program was:
| /* confdefs.h.  */
| #define PACKAGE_NAME "littler"
| #define PACKAGE_TARNAME "littler"
| #define PACKAGE_VERSION "0.1.3"
| #define PACKAGE_STRING "littler 0.1.3"
| #define PACKAGE_BUGREPORT ""
| #define PACKAGE "littler"
| #define VERSION "0.1.3"
| /* end confdefs.h.  */
| #include <ac_nonexistent.h>
configure:3736: checking for grep that handles long lines and -e
configure:3810: result: /usr/bin/grep
configure:3815: checking for egrep
configure:3893: result: /usr/bin/grep -E
configure:3898: checking for ANSI C header files
configure:3928: gcc -c -g -O2  conftest.c >&5
configure:3934: $? = 0
configure:4033: gcc -o conftest -g -O2   conftest.c  >&5
configure:4036: $? = 0
configure:4042: ./conftest
configure:4045: $? = 0
configure:4062: result: yes
configure:4086: checking for sys/types.h
configure:4107: gcc -c -g -O2  conftest.c >&5
configure:4113: $? = 0
configure:4129: result: yes
configure:4086: checking for sys/stat.h
configure:4107: gcc -c -g -O2  conftest.c >&5
configure:4113: $? = 0
configure:4129: result: yes
configure:4086: checking for stdlib.h
configure:4107: gcc -c -g -O2  conftest.c >&5
configure:4113: $? = 0
configure:4129: result: yes
configure:4086: checking for string.h
configure:4107: gcc -c -g -O2  conftest.c >&5
configure:4113: $? = 0
configure:4129: result: yes
configure:4086: checking for memory.h
configure:4107: gcc -c -g -O2  conftest.c >&5
configure:4113: $? = 0
configure:4129: result: yes
configure:4086: checking for strings.h
configure:4107: gcc -c -g -O2  conftest.c >&5
configure:4113: $? = 0
configure:4129: result: yes
configure:4086: checking for inttypes.h
configure:4107: gcc -c -g -O2  conftest.c >&5
configure:4113: $? = 0
configure:4129: result: yes
configure:4086: checking for stdint.h
configure:4107: gcc -c -g -O2  conftest.c >&5
configure:4113: $? = 0
configure:4129: result: yes
configure:4086: checking for unistd.h
configure:4107: gcc -c -g -O2  conftest.c >&5
configure:4113: $? = 0
configure:4129: result: yes
configure:4162: checking stdio.h usability
configure:4179: gcc -c -g -O2  conftest.c >&5
configure:4185: $? = 0
configure:4199: result: yes
configure:4203: checking stdio.h presence
configure:4218: gcc -E  conftest.c
configure:4224: $? = 0
configure:4238: result: yes
configure:4266: checking for stdio.h
configure:4274: result: yes
configure:4152: checking for string.h
configure:4158: result: yes
configure:4162: checking errno.h usability
configure:4179: gcc -c -g -O2  conftest.c >&5
configure:4185: $? = 0
configure:4199: result: yes
configure:4203: checking errno.h presence
configure:4218: gcc -E  conftest.c
configure:4224: $? = 0
configure:4238: result: yes
configure:4266: checking for errno.h
configure:4274: result: yes
configure:4152: checking for stdlib.h
configure:4158: result: yes
configure:4152: checking for sys/types.h
configure:4158: result: yes
configure:4152: checking for sys/stat.h
configure:4158: result: yes
configure:4152: checking for unistd.h
configure:4158: result: yes
configure:4297: checking getopt.h usability
configure:4314: gcc -c -g -O2  conftest.c >&5
configure:4320: $? = 0
configure:4334: result: yes
configure:4338: checking getopt.h presence
configure:4353: gcc -E  conftest.c
configure:4359: $? = 0
configure:4373: result: yes
configure:4401: checking for getopt.h
configure:4408: result: yes
configure:4426: checking whether sys/types.h defines makedev
configure:4452: gcc -o conftest -g -O2   conftest.c  >&5
configure:4458: $? = 0
configure:4476: result: yes
configure:4756: checking for setenv
configure:4812: gcc -o conftest -g -O2   conftest.c  >&5
configure:4818: $? = 0
configure:4835: result: yes
configure:4845: checking for gettimeofday
configure:4901: gcc -o conftest -g -O2   conftest.c  >&5
configure:4907: $? = 0
configure:4924: result: yes
configure:4934: checking for time
configure:4990: gcc -o conftest -g -O2   conftest.c  >&5
configure:4996: $? = 0
configure:5013: result: yes
configure:5029: checking for R
configure:5047: found /usr/bin/R
configure:5059: result: /usr/bin/R
configure:5072: checking if R was built as a shared library
configure:5102: result: yes
configure:5158: checking for install_name_tool
configure:5176: found /usr/bin/install_name_tool
configure:5188: result: /usr/bin/install_name_tool
configure:5326: creating ./config.status

## ---------------------- ##
## Running config.status. ##
## ---------------------- ##

This file was extended by littler config.status 0.1.3, which was
generated by GNU Autoconf 2.61.  Invocation command line was

  CONFIG_FILES    = 
  CONFIG_HEADERS  = 
  CONFIG_LINKS    = 
  CONFIG_COMMANDS = 
  $ ./config.status 

on fjzamorano.local

config.status:648: creating Makefile
config.status:648: creating config.h
config.status:885: config.h is unchanged
config.status:931: executing depfiles commands

## ---------------- ##
## Cache variables. ##
## ---------------- ##

ac_cv_build=i386-apple-darwin10.8.0
ac_cv_c_compiler_gnu=yes
ac_cv_env_CC_set=
ac_cv_env_CC_value=
ac_cv_env_CFLAGS_set=
ac_cv_env_CFLAGS_value=
ac_cv_env_CPPFLAGS_set=
ac_cv_env_CPPFLAGS_value=
ac_cv_env_CPP_set=
ac_cv_env_CPP_value=
ac_cv_env_LDFLAGS_set=
ac_cv_env_LDFLAGS_value=
ac_cv_env_LIBS_set=
ac_cv_env_LIBS_value=
ac_cv_env_build_alias_set=
ac_cv_env_build_alias_value=
ac_cv_env_host_alias_set=
ac_cv_env_host_alias_value=
ac_cv_env_target_alias_set=
ac_cv_env_target_alias_value=
ac_cv_func_gettimeofday=yes
ac_cv_func_setenv=yes
ac_cv_func_time=yes
ac_cv_header_errno_h=yes
ac_cv_header_getopt_h=yes
ac_cv_header_inttypes_h=yes
ac_cv_header_memory_h=yes
ac_cv_header_stdc=yes
ac_cv_header_stdint_h=yes
ac_cv_header_stdio_h=yes
ac_cv_header_stdlib_h=yes
ac_cv_header_string_h=yes
ac_cv_header_strings_h=yes
ac_cv_header_sys_stat_h=yes
ac_cv_header_sys_types_h=yes
ac_cv_header_sys_types_h_makedev=yes
ac_cv_header_unistd_h=yes
ac_cv_host=i386-apple-darwin10.8.0
ac_cv_objext=o
ac_cv_path_EGREP='/usr/bin/grep -E'
ac_cv_path_GREP=/usr/bin/grep
ac_cv_path_NAMETOOL=/usr/bin/install_name_tool
ac_cv_path_RPROG=/usr/bin/R
ac_cv_path_install='/usr/bin/install -c'
ac_cv_prog_AWK=gawk
ac_cv_prog_CPP='gcc -E'
ac_cv_prog_ac_ct_CC=gcc
ac_cv_prog_cc_c89=
ac_cv_prog_cc_g=yes
ac_cv_prog_make_make_set=yes
am_cv_CC_dependencies_compiler_type=gcc3

## ----------------- ##
## Output variables. ##
## ----------------- ##

ACLOCAL='${SHELL} /Users/pablobilleke/Dropbox/LAN/rt/R/littler/tools/missing --run aclocal-1.10'
AMDEPBACKSLASH='\'
AMDEP_FALSE='#'
AMDEP_TRUE=''
AMTAR='${SHELL} /Users/pablobilleke/Dropbox/LAN/rt/R/littler/tools/missing --run tar'
AM_CFLAGS='-I/Library/Frameworks/R.framework/Resources/include -I/Library/Frameworks/R.framework/Resources/include/x86_64'
AM_LDFLAGS='-F/Library/Frameworks/R.framework/.. -framework R -L/Library/Frameworks/R.framework/Resources/lib/x86_64 -lRblas -L/Library/Frameworks/R.framework/Resources/lib/x86_64 -lRlapack'
AUTOCONF='${SHELL} /Users/pablobilleke/Dropbox/LAN/rt/R/littler/tools/missing --run autoconf'
AUTOHEADER='${SHELL} /Users/pablobilleke/Dropbox/LAN/rt/R/littler/tools/missing --run autoheader'
AUTOMAKE='${SHELL} /Users/pablobilleke/Dropbox/LAN/rt/R/littler/tools/missing --run automake-1.10'
AWK='gawk'
CC='gcc'
CCDEPMODE='depmode=gcc3'
CFLAGS='-g -O2'
CPP='gcc -E'
CPPFLAGS=''
CYGPATH_W='echo'
DEFS='-DHAVE_CONFIG_H'
DEPDIR='.deps'
ECHO_C='ECHO_N=''
ECHO_T=''
EGREP='/usr/bin/grep -E'
EXEEXT=''
GREP='/usr/bin/grep'
INSTALL_DATA='${INSTALL} -m 644'
INSTALL_PROGRAM='${INSTALL}'
INSTALL_SCRIPT='${INSTALL}'
INSTALL_STRIP_PROGRAM='$(install_sh) -c -s'
LDFLAGS=''
LIBOBJS=''
LIBS=''
LTLIBOBJS=''
MAKEINFO='${SHELL} /Users/pablobilleke/Dropbox/LAN/rt/R/littler/tools/missing --run makeinfo'
NAMETOOL='/usr/bin/install_name_tool'
OBJEXT='o'
PACKAGE='littler'
PACKAGE_BUGREPORT=''
PACKAGE_NAME='littler'
PACKAGE_STRING='littler 0.1.3'
PACKAGE_TARNAME='littler'
PACKAGE_VERSION='0.1.3'
PATH_SEPARATOR=':'
RPROG='/usr/bin/R'
RUN_NAMETOOL='/usr/bin/install_name_tool -change libR.dylib /Library/Frameworks/R.framework/Resources/lib/libR.dylib  r'
SET_MAKE=''
SHELL='/bin/sh'
STRIP=''
VERSION='0.1.3'
ac_ct_CC='gcc'
am__fastdepCC_FALSE='#'
am__fastdepCC_TRUE=''
am__include='include'
am__isrc=''
am__leading_dot='.'
am__quote=''
am__tar='${AMTAR} chof - "$$tardir"'
am__untar='${AMTAR} xf -'
bindir='${exec_prefix}/bin'
build='i386-apple-darwin10.8.0'
build_alias=''
build_cpu='i386'
build_os='darwin10.8.0'
build_vendor='apple'
datadir='${datarootdir}'
datarootdir='${prefix}/share'
docdir='${datarootdir}/doc/${PACKAGE_TARNAME}'
dvidir='${docdir}'
exec_prefix='${prefix}'
host='i386-apple-darwin10.8.0'
host_alias=''
host_cpu='i386'
host_os='darwin10.8.0'
host_vendor='apple'
htmldir='${docdir}'
includedir='${prefix}/include'
infodir='${datarootdir}/info'
install_sh='$(SHELL) /Users/pablobilleke/Dropbox/LAN/rt/R/littler/tools/install-sh'
libdir='${exec_prefix}/lib'
libexecdir='${exec_prefix}/libexec'
localedir='${datarootdir}/locale'
localstatedir='${prefix}/var'
mandir='${datarootdir}/man'
mkdir_p='$(top_builddir)/tools/install-sh -c -d'
oldincludedir='/usr/include'
pdfdir='${docdir}'
prefix='/usr/local'
program_transform_name='s,x,x,'
psdir='${docdir}'
sbindir='${exec_prefix}/sbin'
sharedstatedir='${prefix}/com'
sysconfdir='${prefix}/etc'
target_alias=''

## ----------- ##
## confdefs.h. ##
## ----------- ##

#define PACKAGE_NAME "littler"
#define PACKAGE_TARNAME "littler"
#define PACKAGE_VERSION "0.1.3"
#define PACKAGE_STRING "littler 0.1.3"
#define PACKAGE_BUGREPORT ""
#define PACKAGE "littler"
#define VERSION "0.1.3"
#define STDC_HEADERS 1
#define HAVE_SYS_TYPES_H 1
#define HAVE_SYS_STAT_H 1
#define HAVE_STDLIB_H 1
#define HAVE_STRING_H 1
#define HAVE_MEMORY_H 1
#define HAVE_STRINGS_H 1
#define HAVE_INTTYPES_H 1
#define HAVE_STDINT_H 1
#define HAVE_UNISTD_H 1
#define HAVE_STDIO_H 1
#define HAVE_STRING_H 1
#define HAVE_ERRNO_H 1
#define HAVE_STDLIB_H 1
#define HAVE_SYS_TYPES_H 1
#define HAVE_SYS_STAT_H 1
#define HAVE_UNISTD_H 1
#define HAVE_GETOPT_H 1
#define HAVE_SETENV 1
#define HAVE_GETTIMEOFDAY 1
#define HAVE_TIME 1

configure: exit 0
